<?xml version="1.0" encoding="UTF-8" ?>
<testsuite tests="5" failures="0" name="io.glide.test.Tester" time="0.016" errors="0" skipped="0">
  <properties>
[...]
</properties>
  <testcase classname="io.glide.test.Tester" name="testLongestString" time="0.008"/>
  <testcase classname="io.glide.test.Tester" name="testArrayEquals" time="0"/>
  <testcase classname="io.glide.test.Tester" name="testCompressor" time="0"/>
  <testcase classname="io.glide.test.Tester" name="testExtensions" time="0"/>
  <testcase classname="io.glide.test.Tester" name="testSorter" time="0.008"/>
</testsuite>